agiview@hotel-auction-demo-vm:~/auction/keycloak-21.1.1/bin$ ./kc.sh --verbose start-dev
2023-06-26 03:11:14,932 INFO  [org.keycloak.quarkus.runtime.hostname.DefaultHostnameProvider] (main) Hostname settings: Base URL: <unset>, Hostname: <request>, Strict HTTPS: false, Path: <request>, Strict BackChannel: false, Admin URL: <unset>, Admin: <request>, Port: -1, Proxied: false
2023-06-26 03:11:16,263 WARN  [io.quarkus.agroal.runtime.DataSources] (main) Datasource <default> enables XA but transaction recovery is not enabled. Please enable transaction recovery by setting quarkus.transaction-manager.enable-recovery=true, otherwise data may be lost if the application is terminated abruptly
2023-06-26 03:11:16,759 INFO  [org.infinispan.SERVER] (keycloak-cache-init) ISPN005054: Native IOUring transport not available, using NIO instead: io.netty.incubator.channel.uring.IOUring
2023-06-26 03:11:16,773 WARN  [org.infinispan.PERSISTENCE] (keycloak-cache-init) ISPN000554: jboss-marshalling is deprecated and planned for removal
2023-06-26 03:11:16,842 WARN  [org.infinispan.CONFIG] (keycloak-cache-init) ISPN000569: Unable to persist Infinispan internal caches as no global state enabled
2023-06-26 03:11:16,854 INFO  [org.infinispan.CONTAINER] (keycloak-cache-init) ISPN000556: Starting user marshaller 'org.infinispan.jboss.marshalling.core.JBossUserMarshaller'
2023-06-26 03:11:21,474 WARN  [org.hibernate.engine.jdbc.env.internal.JdbcEnvironmentInitiator] (JPA Startup Thread: keycloak-default) HHH000342: Could not obtain connection to query metadata: java.sql.SQLException: Acquisition timeout while waiting for new connection
        at io.agroal.pool.ConnectionPool.handlerFromSharedCache(ConnectionPool.java:321)
        at io.agroal.pool.ConnectionPool.getConnection(ConnectionPool.java:249)
        at io.agroal.pool.DataSource.getConnection(DataSource.java:86)
        at io.quarkus.hibernate.orm.runtime.customized.QuarkusConnectionProvider.getConnection(QuarkusConnectionProvider.java:23)
        at org.hibernate.engine.jdbc.env.internal.JdbcEnvironmentInitiator$ConnectionProviderJdbcConnectionAccess.obtainConnection(JdbcEnvironmentInitiator.java:181)
        at org.hibernate.engine.jdbc.env.internal.JdbcEnvironmentInitiator.initiateService(JdbcEnvironmentInitiator.java:68)
        at org.hibernate.engine.jdbc.env.internal.JdbcEnvironmentInitiator.initiateService(JdbcEnvironmentInitiator.java:35)
        at org.hibernate.boot.registry.internal.StandardServiceRegistryImpl.initiateService(StandardServiceRegistryImpl.java:101)
        at org.hibernate.service.internal.AbstractServiceRegistryImpl.createService(AbstractServiceRegistryImpl.java:263)
        at org.hibernate.service.internal.AbstractServiceRegistryImpl.initializeService(AbstractServiceRegistryImpl.java:237)
        at org.hibernate.service.internal.AbstractServiceRegistryImpl.getService(AbstractServiceRegistryImpl.java:214)
        at org.hibernate.engine.jdbc.internal.JdbcServicesImpl.configure(JdbcServicesImpl.java:51)
        at org.hibernate.boot.registry.internal.StandardServiceRegistryImpl.configureService(StandardServiceRegistryImpl.java:107)
        at org.hibernate.service.internal.AbstractServiceRegistryImpl.initializeService(AbstractServiceRegistryImpl.java:246)
        at org.hibernate.service.internal.AbstractServiceRegistryImpl.getService(AbstractServiceRegistryImpl.java:214)
        at org.hibernate.boot.internal.SessionFactoryOptionsBuilder.<init>(SessionFactoryOptionsBuilder.java:272)
        at io.quarkus.hibernate.orm.runtime.recording.PrevalidatedQuarkusMetadata.buildSessionFactoryOptionsBuilder(PrevalidatedQuarkusMetadata.java:68)
        at io.quarkus.hibernate.orm.runtime.boot.FastBootEntityManagerFactoryBuilder.build(FastBootEntityManagerFactoryBuilder.java:72)
        at io.quarkus.hibernate.orm.runtime.FastBootHibernatePersistenceProvider.createEntityManagerFactory(FastBootHibernatePersistenceProvider.java:72)
        at javax.persistence.Persistence.createEntityManagerFactory(Persistence.java:80)
        at javax.persistence.Persistence.createEntityManagerFactory(Persistence.java:55)
        at io.quarkus.hibernate.orm.runtime.JPAConfig$LazyPersistenceUnit.get(JPAConfig.java:165)
        at io.quarkus.hibernate.orm.runtime.JPAConfig$1.run(JPAConfig.java:66)
        at java.base/java.lang.Thread.run(Thread.java:833)
Caused by: java.util.concurrent.TimeoutException
        at java.base/java.util.concurrent.FutureTask.get(FutureTask.java:204)
        at io.agroal.pool.ConnectionPool.handlerFromSharedCache(ConnectionPool.java:298)
        ... 23 more

2023-06-26 03:11:21,940 INFO  [org.keycloak.broker.provider.AbstractIdentityProviderMapper] (main) Registering class org.keycloak.broker.provider.mappersync.ConfigSyncEventListener
2023-06-26 03:11:21,971 INFO  [org.keycloak.connections.infinispan.DefaultInfinispanConnectionProviderFactory] (main) Node name: node_761441, Site name: null
2023-06-26 03:11:27,113 ERROR [org.keycloak.quarkus.runtime.cli.ExecutionExceptionHandler] (main) ERROR: Failed to start server in (development) mode
2023-06-26 03:11:27,114 ERROR [org.keycloak.quarkus.runtime.cli.ExecutionExceptionHandler] (main) Error details:: java.lang.RuntimeException: Failed to obtain JDBC connection
        at org.keycloak.quarkus.runtime.storage.database.jpa.AbstractJpaConnectionProviderFactory.getConnection(AbstractJpaConnectionProviderFactory.java:53)
        at org.keycloak.quarkus.runtime.storage.legacy.database.LegacyJpaConnectionProviderFactory.postInit(LegacyJpaConnectionProviderFactory.java:114)
        at org.keycloak.quarkus.runtime.integration.QuarkusKeycloakSessionFactory.init(QuarkusKeycloakSessionFactory.java:105)
        at org.keycloak.quarkus.runtime.integration.jaxrs.QuarkusKeycloakApplication.createSessionFactory(QuarkusKeycloakApplication.java:41)
        at org.keycloak.services.resources.KeycloakApplication.startup(KeycloakApplication.java:125)
        at org.keycloak.quarkus.runtime.integration.QuarkusLifecycleObserver.onStartupEvent(QuarkusLifecycleObserver.java:37)
        at org.keycloak.quarkus.runtime.integration.QuarkusLifecycleObserver_Observer_onStartupEvent_b0e82415b143738dc1f986a5fa4668e83d0a5dea.notify(Unknown Source)
        at io.quarkus.arc.impl.EventImpl$Notifier.notifyObservers(EventImpl.java:326)
        at io.quarkus.arc.impl.EventImpl$Notifier.notify(EventImpl.java:308)
        at io.quarkus.arc.impl.EventImpl.fire(EventImpl.java:76)
        at io.quarkus.arc.runtime.ArcRecorder.fireLifecycleEvent(ArcRecorder.java:131)
        at io.quarkus.arc.runtime.ArcRecorder.handleLifecycleEvents(ArcRecorder.java:100)
        at io.quarkus.deployment.steps.LifecycleEventsBuildStep$startupEvent1144526294.deploy_0(Unknown Source)
        at io.quarkus.deployment.steps.LifecycleEventsBuildStep$startupEvent1144526294.deploy(Unknown Source)
        at io.quarkus.runner.ApplicationImpl.doStart(Unknown Source)
        at io.quarkus.runtime.Application.start(Application.java:101)
        at io.quarkus.runtime.ApplicationLifecycleManager.run(ApplicationLifecycleManager.java:110)
        at io.quarkus.runtime.Quarkus.run(Quarkus.java:70)
        at org.keycloak.quarkus.runtime.KeycloakMain.start(KeycloakMain.java:98)
        at org.keycloak.quarkus.runtime.cli.command.AbstractStartCommand.run(AbstractStartCommand.java:37)
        at picocli.CommandLine.executeUserObject(CommandLine.java:1939)
        at picocli.CommandLine.access$1300(CommandLine.java:145)
        at picocli.CommandLine$RunLast.executeUserObjectOfLastSubcommandWithSameParent(CommandLine.java:2358)
        at picocli.CommandLine$RunLast.handle(CommandLine.java:2352)
        at picocli.CommandLine$RunLast.handle(CommandLine.java:2314)
        at picocli.CommandLine$AbstractParseResultHandler.execute(CommandLine.java:2179)
        at picocli.CommandLine$RunLast.execute(CommandLine.java:2316)
        at picocli.CommandLine.execute(CommandLine.java:2078)
        at org.keycloak.quarkus.runtime.cli.Picocli.parseAndRun(Picocli.java:94)
        at org.keycloak.quarkus.runtime.KeycloakMain.main(KeycloakMain.java:88)
        at java.base/jdk.internal.reflect.NativeMethodAccessorImpl.invoke0(Native Method)
        at java.base/jdk.internal.reflect.NativeMethodAccessorImpl.invoke(NativeMethodAccessorImpl.java:77)
        at java.base/jdk.internal.reflect.DelegatingMethodAccessorImpl.invoke(DelegatingMethodAccessorImpl.java:43)
        at java.base/java.lang.reflect.Method.invoke(Method.java:568)
        at io.quarkus.bootstrap.runner.QuarkusEntryPoint.doRun(QuarkusEntryPoint.java:61)
        at io.quarkus.bootstrap.runner.QuarkusEntryPoint.main(QuarkusEntryPoint.java:32)
Caused by: java.sql.SQLException: Acquisition timeout while waiting for new connection
        at io.agroal.pool.ConnectionPool.handlerFromSharedCache(ConnectionPool.java:321)
        at io.agroal.pool.ConnectionPool.getConnection(ConnectionPool.java:249)
        at io.agroal.pool.DataSource.getConnection(DataSource.java:86)
        at io.quarkus.hibernate.orm.runtime.customized.QuarkusConnectionProvider.getConnection(QuarkusConnectionProvider.java:23)
        at org.hibernate.engine.jdbc.env.internal.JdbcEnvironmentInitiator$ConnectionProviderJdbcConnectionAccess.obtainConnection(JdbcEnvironmentInitiator.java:181)
        at org.keycloak.quarkus.runtime.storage.database.jpa.AbstractJpaConnectionProviderFactory.getConnection(AbstractJpaConnectionProviderFactory.java:51)
        ... 35 more
Caused by: java.util.concurrent.TimeoutException
        at java.base/java.util.concurrent.FutureTask.get(FutureTask.java:204)
        at io.agroal.pool.ConnectionPool.handlerFromSharedCache(ConnectionPool.java:298)
        ... 40 more

